<?xml version="1.0" encoding="UTF-8"?>
<!-- Generated by org.testng.reporters.JUnitReportReporter -->
<testsuite skipped="0" hostname="DESKTOP-Q8RNTEC" name="RunnerUtility.RunnerCucumber" tests="1" failures="0" timestamp="17 Sep 2020 06:32:55 GMT" time="0.512" errors="0">
  <testcase name="runScenario" time="0.512" classname="RunnerUtility.RunnerCucumber"/>
</testsuite> <!-- RunnerUtility.RunnerCucumber -->
